<?xml version="1.0" encoding="UTF-8"?>
<!-- Generated by org.testng.reporters.JUnitXMLReporter -->
<testsuite ignored="0" hostname="DESKTOP-P8KL1PI" failures="0" tests="6" name="Default test" time="55.973" errors="0" timestamp="2024-08-08T15:22:30 IST">
  <testcase classname="testScript.Assertion" name="assertEqualsTest" time="1.342"/>
  <testcase classname="testScript.Assertion" name="assertFalseTest" time="1.35"/>
  <testcase classname="testScript.Assertion" name="assertNotEqualsTest" time="2.316"/>
  <testcase classname="testScript.Assertion" name="assertNotNull" time="3.123"/>
  <testcase classname="testScript.Assertion" name="assertNullTest" time="4.296"/>
  <testcase classname="testScript.Assertion" name="assertTrueTest" time="3.665"/>
</testsuite> <!-- Default test -->
